[debug] [2023-04-04T20:13:48.216Z] ----------------------------------------------------------------------
[debug] [2023-04-04T20:13:48.224Z] Command:       C:\Program Files\nodejs\node.exe C:\Users\Nico\AppData\Roaming\npm\node_modules\firebase-tools\lib\bin\firebase.js init
[debug] [2023-04-04T20:13:48.225Z] CLI Version:   11.25.1
[debug] [2023-04-04T20:13:48.225Z] Platform:      win32
[debug] [2023-04-04T20:13:48.225Z] Node Version:  v16.8.0
[debug] [2023-04-04T20:13:48.226Z] Time:          Tue Apr 04 2023 17:13:48 GMT-0300 (hora estándar de Argentina)
[debug] [2023-04-04T20:13:48.227Z] ----------------------------------------------------------------------
[debug] 
[debug] [2023-04-04T20:13:48.377Z] > command requires scopes: ["email","openid","https://www.googleapis.com/auth/cloudplatformprojects.readonly","https://www.googleapis.com/auth/firebase","https://www.googleapis.com/auth/cloud-platform"]
[debug] [2023-04-04T20:13:48.377Z] > authorizing via signed-in user (benjamingagnolo@gmail.com)
[info] 
     ######## #### ########  ######## ########     ###     ######  ########
     ##        ##  ##     ## ##       ##     ##  ##   ##  ##       ##
     ######    ##  ########  ######   ########  #########  ######  ######
     ##        ##  ##    ##  ##       ##     ## ##     ##       ## ##
     ##       #### ##     ## ######## ########  ##     ##  ######  ########

You're about to initialize a Firebase project in this directory:

  C:\Users\Nico\Desktop\CV\porfolio\Elearning\EasyLearning-FP\client

Before we get started, keep in mind:

  * You are initializing within an existing Firebase project directory

[info] 
=== Project Setup
[info] 
[info] First, let's associate this project directory with a Firebase project.
[info] You can create multiple project aliases by running firebase use --add, 
[info] but for now we'll just set up a default project.
[info] 
[debug] [2023-04-04T20:16:09.350Z] Using project from CLI flag: easylearning-fp
[debug] [2023-04-04T20:16:09.357Z] >>> [apiv2][query] GET https://firebase.googleapis.com/v1beta1/projects/easylearning-fp [none]
[debug] [2023-04-04T20:16:09.862Z] <<< [apiv2][status] GET https://firebase.googleapis.com/v1beta1/projects/easylearning-fp 403
[debug] [2023-04-04T20:16:09.862Z] <<< [apiv2][body] GET https://firebase.googleapis.com/v1beta1/projects/easylearning-fp {"error":{"code":403,"message":"The caller does not have permission","status":"PERMISSION_DENIED"}}
[debug] [2023-04-04T20:16:09.863Z] HTTP Error: 403, The caller does not have permission
[debug] [2023-04-04T20:16:09.893Z] FirebaseError: HTTP Error: 403, The caller does not have permission
    at responseToError (C:\Users\Nico\AppData\Roaming\npm\node_modules\firebase-tools\lib\responseToError.js:49:12)
    at RetryOperation._fn (C:\Users\Nico\AppData\Roaming\npm\node_modules\firebase-tools\lib\apiv2.js:288:77)
    at processTicksAndRejections (node:internal/process/task_queues:96:5)
[error] 
[error] Error: Failed to get Firebase project easylearning-fp. Please make sure the project exists and your account has permission to access it.
